Using pre-set license

 COMMAND LINE ARGUMENTS:
/Volumes/Work/Applications/2020.3.2f1/Unity.app/Contents/MacOS/Unity
-adb2
-batchMode
-noUpm
-name
AssetImportWorker0
-projectPath
/Volumes/Work/Projects/DoubleCoconut/hyper-casual-engine
-logFile
Logs/AssetImportWorker0.log
-srvPort
56852
Successfully changed project path to: /Volumes/Work/Projects/DoubleCoconut/hyper-casual-engine
/Volumes/Work/Projects/DoubleCoconut/hyper-casual-engine
Using Asset Import Pipeline V2.
Refreshing native plugins compatible for Editor in 62.80 ms, found 1 plugins.
Preloading 0 native plugins for Editor in 0.00 ms.
Initialize engine version: 2020.3.2f1 (8fd9074bf66c)
[Subsystems] Discovering subsystems at path /Volumes/Work/Applications/2020.3.2f1/Unity.app/Contents/Resources/UnitySubsystems
[Subsystems] Discovering subsystems at path /Volumes/Work/Projects/DoubleCoconut/hyper-casual-engine/Assets
GfxDevice: creating device client; threaded=0
2021-08-31 01:22:19.166 Unity[79227:3737538] Color LCD preferred device: Intel(R) UHD Graphics 630 (low power)
2021-08-31 01:22:19.166 Unity[79227:3737538] Metal devices available: 2
2021-08-31 01:22:19.166 Unity[79227:3737538] 0: AMD Radeon Pro 5300M (high power)
2021-08-31 01:22:19.166 Unity[79227:3737538] 1: Intel(R) UHD Graphics 630 (low power)
2021-08-31 01:22:19.167 Unity[79227:3737538] Using device AMD Radeon Pro 5300M (high power)
Initializing Metal device caps: AMD Radeon Pro 5300M
Initialize mono
Mono path[0] = '/Volumes/Work/Applications/2020.3.2f1/Unity.app/Contents/Managed'
Mono path[1] = '/Volumes/Work/Applications/2020.3.2f1/Unity.app/Contents/MonoBleedingEdge/lib/mono/unityjit'
Mono config path = '/Volumes/Work/Applications/2020.3.2f1/Unity.app/Contents/MonoBleedingEdge/etc'
Using monoOptions --debugger-agent=transport=dt_socket,embedding=1,server=y,suspend=n,address=127.0.0.1:56227
Begin MonoManager ReloadAssembly
Registering precompiled unity dll's ...
Register platform support module: /Volumes/Work/Applications/2020.3.2f1/Unity.app/Contents/PlaybackEngines/MacStandaloneSupport/UnityEditor.OSXStandalone.Extensions.dll
Registered in 0.000866 seconds.
Native extension for OSXStandalone target not found
Refreshing native plugins compatible for Editor in 45.58 ms, found 1 plugins.
Preloading 0 native plugins for Editor in 0.00 ms.
Invoked RoslynAnalysisRunner static constructor.
RoslynAnalysisRunner will not be running.
RoslynAnalysisRunner has terminated.
Mono: successfully reloaded assembly
- Completed reload, in  3.258 seconds
Platform modules already initialized, skipping
Registering precompiled user dll's ...
Registered in 0.003453 seconds.
Begin MonoManager ReloadAssembly
Native extension for OSXStandalone target not found
Refreshing native plugins compatible for Editor in 44.09 ms, found 1 plugins.
Preloading 0 native plugins for Editor in 0.00 ms.
Invoked RoslynAnalysisRunner static constructor.
RoslynAnalysisRunner will not be running.
RoslynAnalysisRunner has terminated.
Mono: successfully reloaded assembly
- Completed reload, in  1.142 seconds
Platform modules already initialized, skipping
========================================================================
Worker process is ready to serve import requests
Launching external process: /Volumes/Work/Applications/2020.3.2f1/Unity.app/Contents/Tools/UnityShaderCompiler
Launched and connected shader compiler UnityShaderCompiler after 0.01 seconds
Refreshing native plugins compatible for Editor in 0.38 ms, found 1 plugins.
Preloading 0 native plugins for Editor in 0.00 ms.
Unloading 2109 Unused Serialized files (Serialized files now loaded: 0)
System memory in use before: 165.8 MB.
System memory in use after: 165.9 MB.

Unloading 28 unused Assets to reduce memory usage. Loaded Objects now: 2552.
Total: 2.682471 ms (FindLiveObjects: 0.575486 ms CreateObjectMapping: 0.273718 ms MarkObjects: 1.757285 ms  DeleteObjects: 0.074337 ms)

========================================================================
Received Import Request.
  path: Assets/Prefabs/MVVM/ImageItem.prefab
  artifactKey: Guid(9b2f49b2761ff4740ad2e2833e3bde1e) Importer(815301076,1909f56bfc062723c751e8b465ee728b)
Start importing Assets/Prefabs/MVVM/ImageItem.prefab using Guid(9b2f49b2761ff4740ad2e2833e3bde1e) Importer(815301076,1909f56bfc062723c751e8b465ee728b)  -> (artifact id: '7e045a88bc8e7ed4c0b2f33002aef430') in 1.032989 seconds
  Import took 1.038604 seconds .

========================================================================
Received Prepare
Registering precompiled user dll's ...
Registered in 0.003733 seconds.
Begin MonoManager ReloadAssembly
Native extension for OSXStandalone target not found
Refreshing native plugins compatible for Editor in 0.50 ms, found 1 plugins.
Preloading 0 native plugins for Editor in 0.00 ms.
Invoked RoslynAnalysisRunner static constructor.
RoslynAnalysisRunner will not be running.
RoslynAnalysisRunner has terminated.
Mono: successfully reloaded assembly
- Completed reload, in  0.986 seconds
Platform modules already initialized, skipping
Refreshing native plugins compatible for Editor in 0.43 ms, found 1 plugins.
Preloading 0 native plugins for Editor in 0.00 ms.
Unloading 2083 Unused Serialized files (Serialized files now loaded: 0)
System memory in use before: 168.2 MB.
System memory in use after: 168.3 MB.

Unloading 16 unused Assets to reduce memory usage. Loaded Objects now: 2555.
Total: 2.204382 ms (FindLiveObjects: 0.233831 ms CreateObjectMapping: 0.094308 ms MarkObjects: 1.856250 ms  DeleteObjects: 0.018899 ms)

========================================================================
Received Prepare
Registering precompiled user dll's ...
Registered in 0.003985 seconds.
Begin MonoManager ReloadAssembly
Native extension for OSXStandalone target not found
Refreshing native plugins compatible for Editor in 0.40 ms, found 1 plugins.
Preloading 0 native plugins for Editor in 0.00 ms.
Invoked RoslynAnalysisRunner static constructor.
RoslynAnalysisRunner will not be running.
RoslynAnalysisRunner has terminated.
Mono: successfully reloaded assembly
- Completed reload, in  1.007 seconds
Platform modules already initialized, skipping
Refreshing native plugins compatible for Editor in 0.73 ms, found 1 plugins.
Preloading 0 native plugins for Editor in 0.00 ms.
Unloading 2083 Unused Serialized files (Serialized files now loaded: 0)
System memory in use before: 168.4 MB.
System memory in use after: 168.6 MB.

Unloading 16 unused Assets to reduce memory usage. Loaded Objects now: 2558.
Total: 2.932757 ms (FindLiveObjects: 0.427662 ms CreateObjectMapping: 0.170407 ms MarkObjects: 2.310314 ms  DeleteObjects: 0.022659 ms)

========================================================================
Received Prepare
Registering precompiled user dll's ...
Registered in 0.004594 seconds.
Begin MonoManager ReloadAssembly
Native extension for OSXStandalone target not found
Refreshing native plugins compatible for Editor in 0.39 ms, found 1 plugins.
Preloading 0 native plugins for Editor in 0.00 ms.
Invoked RoslynAnalysisRunner static constructor.
RoslynAnalysisRunner will not be running.
RoslynAnalysisRunner has terminated.
Mono: successfully reloaded assembly
- Completed reload, in  1.132 seconds
Platform modules already initialized, skipping
Refreshing native plugins compatible for Editor in 0.35 ms, found 1 plugins.
Preloading 0 native plugins for Editor in 0.00 ms.
Unloading 2083 Unused Serialized files (Serialized files now loaded: 0)
System memory in use before: 168.6 MB.
System memory in use after: 168.7 MB.

Unloading 16 unused Assets to reduce memory usage. Loaded Objects now: 2561.
Total: 2.244338 ms (FindLiveObjects: 0.232532 ms CreateObjectMapping: 0.094543 ms MarkObjects: 1.897250 ms  DeleteObjects: 0.018663 ms)

========================================================================
Received Prepare
Registering precompiled user dll's ...
Registered in 0.003242 seconds.
Begin MonoManager ReloadAssembly
Native extension for OSXStandalone target not found
Refreshing native plugins compatible for Editor in 0.57 ms, found 1 plugins.
Preloading 0 native plugins for Editor in 0.00 ms.
Invoked RoslynAnalysisRunner static constructor.
RoslynAnalysisRunner will not be running.
RoslynAnalysisRunner has terminated.
Mono: successfully reloaded assembly
- Completed reload, in  1.501 seconds
Platform modules already initialized, skipping
Refreshing native plugins compatible for Editor in 0.52 ms, found 1 plugins.
Preloading 0 native plugins for Editor in 0.00 ms.
Unloading 2083 Unused Serialized files (Serialized files now loaded: 0)
System memory in use before: 168.9 MB.
System memory in use after: 169.0 MB.

Unloading 16 unused Assets to reduce memory usage. Loaded Objects now: 2564.
Total: 2.196791 ms (FindLiveObjects: 0.230790 ms CreateObjectMapping: 0.089865 ms MarkObjects: 1.855035 ms  DeleteObjects: 0.019864 ms)

========================================================================
Received Prepare
Registering precompiled user dll's ...
Registered in 0.002123 seconds.
Begin MonoManager ReloadAssembly
Native extension for OSXStandalone target not found
Refreshing native plugins compatible for Editor in 0.49 ms, found 1 plugins.
Preloading 0 native plugins for Editor in 0.00 ms.
Invoked RoslynAnalysisRunner static constructor.
RoslynAnalysisRunner will not be running.
RoslynAnalysisRunner has terminated.
Mono: successfully reloaded assembly
- Completed reload, in  2.050 seconds
Platform modules already initialized, skipping
Refreshing native plugins compatible for Editor in 1.35 ms, found 1 plugins.
Preloading 0 native plugins for Editor in 0.00 ms.
Unloading 2083 Unused Serialized files (Serialized files now loaded: 0)
System memory in use before: 169.0 MB.
System memory in use after: 169.2 MB.

Unloading 16 unused Assets to reduce memory usage. Loaded Objects now: 2567.
Total: 6.494616 ms (FindLiveObjects: 0.784991 ms CreateObjectMapping: 0.458321 ms MarkObjects: 5.177943 ms  DeleteObjects: 0.069451 ms)

========================================================================
Received Prepare
Registering precompiled user dll's ...
Registered in 0.004745 seconds.
Begin MonoManager ReloadAssembly
Native extension for OSXStandalone target not found
Refreshing native plugins compatible for Editor in 0.47 ms, found 1 plugins.
Preloading 0 native plugins for Editor in 0.00 ms.
Invoked RoslynAnalysisRunner static constructor.
RoslynAnalysisRunner will not be running.
RoslynAnalysisRunner has terminated.
Mono: successfully reloaded assembly
- Completed reload, in  1.346 seconds
Platform modules already initialized, skipping
Refreshing native plugins compatible for Editor in 0.43 ms, found 1 plugins.
Preloading 0 native plugins for Editor in 0.00 ms.
Unloading 2083 Unused Serialized files (Serialized files now loaded: 0)
System memory in use before: 169.3 MB.
System memory in use after: 169.4 MB.

Unloading 16 unused Assets to reduce memory usage. Loaded Objects now: 2570.
Total: 2.622793 ms (FindLiveObjects: 0.285689 ms CreateObjectMapping: 0.104068 ms MarkObjects: 2.203169 ms  DeleteObjects: 0.026913 ms)

========================================================================
Received Prepare
Registering precompiled user dll's ...
Registered in 0.002959 seconds.
Begin MonoManager ReloadAssembly
Native extension for OSXStandalone target not found
Refreshing native plugins compatible for Editor in 0.39 ms, found 1 plugins.
Preloading 0 native plugins for Editor in 0.00 ms.
Invoked RoslynAnalysisRunner static constructor.
RoslynAnalysisRunner will not be running.
RoslynAnalysisRunner has terminated.
Mono: successfully reloaded assembly
- Completed reload, in  1.234 seconds
Platform modules already initialized, skipping
Refreshing native plugins compatible for Editor in 0.47 ms, found 1 plugins.
Preloading 0 native plugins for Editor in 0.00 ms.
Unloading 2084 Unused Serialized files (Serialized files now loaded: 0)
System memory in use before: 169.5 MB.
System memory in use after: 169.6 MB.

Unloading 16 unused Assets to reduce memory usage. Loaded Objects now: 2574.
Total: 2.867423 ms (FindLiveObjects: 0.323098 ms CreateObjectMapping: 0.153951 ms MarkObjects: 2.365760 ms  DeleteObjects: 0.022358 ms)

========================================================================
Received Prepare
Registering precompiled user dll's ...
Registered in 0.006224 seconds.
Begin MonoManager ReloadAssembly
Native extension for OSXStandalone target not found
Refreshing native plugins compatible for Editor in 0.53 ms, found 1 plugins.
Preloading 0 native plugins for Editor in 0.00 ms.
Invoked RoslynAnalysisRunner static constructor.
RoslynAnalysisRunner will not be running.
RoslynAnalysisRunner has terminated.
Mono: successfully reloaded assembly
- Completed reload, in  1.285 seconds
Platform modules already initialized, skipping
Refreshing native plugins compatible for Editor in 0.42 ms, found 1 plugins.
Preloading 0 native plugins for Editor in 0.00 ms.
Unloading 2084 Unused Serialized files (Serialized files now loaded: 0)
System memory in use before: 169.7 MB.
System memory in use after: 169.9 MB.

Unloading 16 unused Assets to reduce memory usage. Loaded Objects now: 2577.
Total: 1.818647 ms (FindLiveObjects: 0.242404 ms CreateObjectMapping: 0.119024 ms MarkObjects: 1.441728 ms  DeleteObjects: 0.014434 ms)

========================================================================
Received Import Request.
  Time since last request: 810.670437 seconds.
  path: Assets/Prefabs/SquareFall/GameController.prefab
  artifactKey: Guid(6fa9cda65f1b241d5a0c98e4a55b97c4) Importer(815301076,1909f56bfc062723c751e8b465ee728b)
Start importing Assets/Prefabs/SquareFall/GameController.prefab using Guid(6fa9cda65f1b241d5a0c98e4a55b97c4) Importer(815301076,1909f56bfc062723c751e8b465ee728b)  -> (artifact id: '4442ccbd2812e2ff538614cd5d0bee5c') in 0.032665 seconds
  Import took 0.036447 seconds .

========================================================================
Received Import Request.
  Time since last request: 0.000237 seconds.
  path: Assets/Prefabs/SquareFall/Line.prefab
  artifactKey: Guid(1b2fcf50587de49f68d090d1469f135a) Importer(815301076,1909f56bfc062723c751e8b465ee728b)
Start importing Assets/Prefabs/SquareFall/Line.prefab using Guid(1b2fcf50587de49f68d090d1469f135a) Importer(815301076,1909f56bfc062723c751e8b465ee728b)  -> (artifact id: 'efbf54c676517fddf751e1b29d110e16') in 0.006403 seconds
  Import took 0.010575 seconds .

========================================================================
Received Import Request.
  Time since last request: 0.000252 seconds.
  path: Assets/Prefabs/SquareFall/MoveLine.prefab
  artifactKey: Guid(9b4bdd179ab06470f93823744d03421b) Importer(815301076,1909f56bfc062723c751e8b465ee728b)
Start importing Assets/Prefabs/SquareFall/MoveLine.prefab using Guid(9b4bdd179ab06470f93823744d03421b) Importer(815301076,1909f56bfc062723c751e8b465ee728b)  -> (artifact id: '5c3ddb03f29e1d5eb11e27861f418ece') in 0.229607 seconds
  Import took 0.233527 seconds .

========================================================================
Received Import Request.
  Time since last request: 0.000221 seconds.
  path: Assets/Prefabs/SquareFall/Playerball.prefab
  artifactKey: Guid(cdafed82817594d1e8acecf8d424663c) Importer(815301076,1909f56bfc062723c751e8b465ee728b)
Start importing Assets/Prefabs/SquareFall/Playerball.prefab using Guid(cdafed82817594d1e8acecf8d424663c) Importer(815301076,1909f56bfc062723c751e8b465ee728b)  -> (artifact id: '320f8d2ea35a9aabb03baab0c2eb5c9e') in 0.023972 seconds
  Import took 0.028143 seconds .

========================================================================
Received Import Request.
  Time since last request: 6.582857 seconds.
  path: Assets/Resources/Textures
  artifactKey: Guid(3d5e32d25e1774c66a4c5b4e1013d479) Importer(815301076,1909f56bfc062723c751e8b465ee728b)
Start importing Assets/Resources/Textures using Guid(3d5e32d25e1774c66a4c5b4e1013d479) Importer(815301076,1909f56bfc062723c751e8b465ee728b)  -> (artifact id: 'aac87416533bb965cf2b0cfe819da3d5') in 0.002534 seconds
  Import took 0.006320 seconds .

========================================================================
Received Import Request.
  Time since last request: 0.014379 seconds.
  path: Assets/Resources/Textures
  artifactKey: Guid(3d5e32d25e1774c66a4c5b4e1013d479) Importer(815301076,1909f56bfc062723c751e8b465ee728b)
Start importing Assets/Resources/Textures using Guid(3d5e32d25e1774c66a4c5b4e1013d479) Importer(815301076,1909f56bfc062723c751e8b465ee728b)  -> (artifact id: 'aac87416533bb965cf2b0cfe819da3d5') in 0.001691 seconds
  Import took 0.005834 seconds .

========================================================================
Received Import Request.
  Time since last request: 28.556422 seconds.
  path: Assets/Resources/Textures/_b.png
  artifactKey: Guid(c2b1dec311ff64a5bb1a334a35887edc) Importer(815301076,1909f56bfc062723c751e8b465ee728b)
Start importing Assets/Resources/Textures/_b.png using Guid(c2b1dec311ff64a5bb1a334a35887edc) Importer(815301076,1909f56bfc062723c751e8b465ee728b)  -> (artifact id: 'd30a1dc4b65a587ba107728a50ab4572') in 0.944201 seconds
  Import took 0.948700 seconds .

========================================================================
Received Import Request.
  Time since last request: 0.000196 seconds.
  path: Assets/Resources/Textures/b1_Victoria_1.png
  artifactKey: Guid(0fbeb7e237b6842c684c01137a7c3ff6) Importer(815301076,1909f56bfc062723c751e8b465ee728b)
Start importing Assets/Resources/Textures/b1_Victoria_1.png using Guid(0fbeb7e237b6842c684c01137a7c3ff6) Importer(815301076,1909f56bfc062723c751e8b465ee728b)  -> (artifact id: 'f08f39d30845ad6dbd601f62a646bd6c') in 0.016589 seconds
  Import took 0.020051 seconds .

========================================================================
Received Import Request.
  Time since last request: 0.000230 seconds.
  path: Assets/Resources/Textures/image.png
  artifactKey: Guid(8f903e8fd7cf241d59449093614d49dc) Importer(815301076,1909f56bfc062723c751e8b465ee728b)
Start importing Assets/Resources/Textures/image.png using Guid(8f903e8fd7cf241d59449093614d49dc) Importer(815301076,1909f56bfc062723c751e8b465ee728b)  -> (artifact id: '0fc5ecc7f2dc4b79ad42a17773764be6') in 0.014294 seconds
  Import took 0.018751 seconds .

========================================================================
Received Prepare
Registering precompiled user dll's ...
Registered in 0.010901 seconds.
Begin MonoManager ReloadAssembly
Native extension for OSXStandalone target not found
Refreshing native plugins compatible for Editor in 0.51 ms, found 1 plugins.
Preloading 0 native plugins for Editor in 0.00 ms.
Invoked RoslynAnalysisRunner static constructor.
RoslynAnalysisRunner will not be running.
RoslynAnalysisRunner has terminated.
Mono: successfully reloaded assembly
- Completed reload, in  1.834 seconds
Platform modules already initialized, skipping
Refreshing native plugins compatible for Editor in 0.44 ms, found 1 plugins.
Preloading 0 native plugins for Editor in 0.00 ms.
Unloading 2084 Unused Serialized files (Serialized files now loaded: 0)
System memory in use before: 177.5 MB.
System memory in use after: 177.6 MB.

Unloading 16 unused Assets to reduce memory usage. Loaded Objects now: 2593.
Total: 2.170889 ms (FindLiveObjects: 0.227063 ms CreateObjectMapping: 0.098724 ms MarkObjects: 1.826868 ms  DeleteObjects: 0.017286 ms)

========================================================================
Received Prepare
Registering precompiled user dll's ...
Registered in 0.005167 seconds.
Begin MonoManager ReloadAssembly
Native extension for OSXStandalone target not found
Refreshing native plugins compatible for Editor in 0.41 ms, found 1 plugins.
Preloading 0 native plugins for Editor in 0.00 ms.
Invoked RoslynAnalysisRunner static constructor.
RoslynAnalysisRunner will not be running.
RoslynAnalysisRunner has terminated.
Mono: successfully reloaded assembly
- Completed reload, in  0.972 seconds
Platform modules already initialized, skipping
Refreshing native plugins compatible for Editor in 0.42 ms, found 1 plugins.
Preloading 0 native plugins for Editor in 0.00 ms.
Unloading 2084 Unused Serialized files (Serialized files now loaded: 0)
System memory in use before: 177.7 MB.
System memory in use after: 177.8 MB.

Unloading 16 unused Assets to reduce memory usage. Loaded Objects now: 2596.
Total: 1.982342 ms (FindLiveObjects: 0.202072 ms CreateObjectMapping: 0.077038 ms MarkObjects: 1.687365 ms  DeleteObjects: 0.014926 ms)

========================================================================
Received Prepare
Registering precompiled user dll's ...
Registered in 0.002948 seconds.
Begin MonoManager ReloadAssembly
Native extension for OSXStandalone target not found
Refreshing native plugins compatible for Editor in 0.50 ms, found 1 plugins.
Preloading 0 native plugins for Editor in 0.00 ms.
Invoked RoslynAnalysisRunner static constructor.
RoslynAnalysisRunner will not be running.
RoslynAnalysisRunner has terminated.
Mono: successfully reloaded assembly
- Completed reload, in  1.855 seconds
Platform modules already initialized, skipping
Refreshing native plugins compatible for Editor in 0.46 ms, found 1 plugins.
Preloading 0 native plugins for Editor in 0.00 ms.
Unloading 2084 Unused Serialized files (Serialized files now loaded: 0)
System memory in use before: 177.8 MB.
System memory in use after: 177.9 MB.

Unloading 16 unused Assets to reduce memory usage. Loaded Objects now: 2599.
Total: 4.684612 ms (FindLiveObjects: 0.332553 ms CreateObjectMapping: 0.124065 ms MarkObjects: 4.190928 ms  DeleteObjects: 0.034998 ms)

========================================================================
Received Prepare
Registering precompiled user dll's ...
Registered in 0.002018 seconds.
Begin MonoManager ReloadAssembly
Native extension for OSXStandalone target not found
Refreshing native plugins compatible for Editor in 0.40 ms, found 1 plugins.
Preloading 0 native plugins for Editor in 0.00 ms.
Invoked RoslynAnalysisRunner static constructor.
RoslynAnalysisRunner will not be running.
RoslynAnalysisRunner has terminated.
Mono: successfully reloaded assembly
- Completed reload, in  1.094 seconds
Platform modules already initialized, skipping
Refreshing native plugins compatible for Editor in 0.43 ms, found 1 plugins.
Preloading 0 native plugins for Editor in 0.00 ms.
Unloading 2084 Unused Serialized files (Serialized files now loaded: 0)
System memory in use before: 178.0 MB.
System memory in use after: 178.2 MB.

Unloading 16 unused Assets to reduce memory usage. Loaded Objects now: 2602.
Total: 2.514560 ms (FindLiveObjects: 0.229850 ms CreateObjectMapping: 0.093753 ms MarkObjects: 2.169388 ms  DeleteObjects: 0.020148 ms)

========================================================================
Received Prepare
Registering precompiled user dll's ...
Registered in 0.002262 seconds.
Begin MonoManager ReloadAssembly
Native extension for OSXStandalone target not found
Refreshing native plugins compatible for Editor in 0.75 ms, found 1 plugins.
Preloading 0 native plugins for Editor in 0.00 ms.
Invoked RoslynAnalysisRunner static constructor.
RoslynAnalysisRunner will not be running.
RoslynAnalysisRunner has terminated.
Mono: successfully reloaded assembly
- Completed reload, in  1.139 seconds
Platform modules already initialized, skipping
Refreshing native plugins compatible for Editor in 0.43 ms, found 1 plugins.
Preloading 0 native plugins for Editor in 0.00 ms.
Unloading 2084 Unused Serialized files (Serialized files now loaded: 0)
System memory in use before: 178.2 MB.
System memory in use after: 178.4 MB.

Unloading 16 unused Assets to reduce memory usage. Loaded Objects now: 2605.
Total: 2.394033 ms (FindLiveObjects: 0.281423 ms CreateObjectMapping: 0.104451 ms MarkObjects: 1.982910 ms  DeleteObjects: 0.024108 ms)

========================================================================
Received Prepare
Registering precompiled user dll's ...
Registered in 0.002135 seconds.
Begin MonoManager ReloadAssembly
Native extension for OSXStandalone target not found
Refreshing native plugins compatible for Editor in 0.47 ms, found 1 plugins.
Preloading 0 native plugins for Editor in 0.00 ms.
Invoked RoslynAnalysisRunner static constructor.
RoslynAnalysisRunner will not be running.
RoslynAnalysisRunner has terminated.
Mono: successfully reloaded assembly
- Completed reload, in  1.213 seconds
Platform modules already initialized, skipping
Refreshing native plugins compatible for Editor in 0.49 ms, found 1 plugins.
Preloading 0 native plugins for Editor in 0.00 ms.
Unloading 2084 Unused Serialized files (Serialized files now loaded: 0)
System memory in use before: 178.5 MB.
System memory in use after: 178.6 MB.

Unloading 16 unused Assets to reduce memory usage. Loaded Objects now: 2608.
Total: 2.393311 ms (FindLiveObjects: 0.265012 ms CreateObjectMapping: 0.114806 ms MarkObjects: 1.992346 ms  DeleteObjects: 0.020017 ms)

========================================================================
Received Prepare
Registering precompiled user dll's ...
Registered in 0.002560 seconds.
Begin MonoManager ReloadAssembly
Native extension for OSXStandalone target not found
Refreshing native plugins compatible for Editor in 0.49 ms, found 1 plugins.
Preloading 0 native plugins for Editor in 0.00 ms.
Invoked RoslynAnalysisRunner static constructor.
RoslynAnalysisRunner will not be running.
RoslynAnalysisRunner has terminated.
Mono: successfully reloaded assembly
- Completed reload, in  2.085 seconds
Platform modules already initialized, skipping
Refreshing native plugins compatible for Editor in 0.63 ms, found 1 plugins.
Preloading 0 native plugins for Editor in 0.00 ms.
Unloading 2084 Unused Serialized files (Serialized files now loaded: 0)
System memory in use before: 178.7 MB.
System memory in use after: 178.8 MB.

Unloading 16 unused Assets to reduce memory usage. Loaded Objects now: 2611.
Total: 6.148517 ms (FindLiveObjects: 0.862386 ms CreateObjectMapping: 0.321767 ms MarkObjects: 4.927038 ms  DeleteObjects: 0.034320 ms)

========================================================================
Received Prepare
Registering precompiled user dll's ...
Registered in 0.002617 seconds.
Begin MonoManager ReloadAssembly
Native extension for OSXStandalone target not found
Refreshing native plugins compatible for Editor in 0.40 ms, found 1 plugins.
Preloading 0 native plugins for Editor in 0.00 ms.
Invoked RoslynAnalysisRunner static constructor.
RoslynAnalysisRunner will not be running.
RoslynAnalysisRunner has terminated.
Mono: successfully reloaded assembly
- Completed reload, in  1.198 seconds
Platform modules already initialized, skipping
Refreshing native plugins compatible for Editor in 0.38 ms, found 1 plugins.
Preloading 0 native plugins for Editor in 0.00 ms.
Unloading 2084 Unused Serialized files (Serialized files now loaded: 0)
System memory in use before: 178.9 MB.
System memory in use after: 179.0 MB.

Unloading 16 unused Assets to reduce memory usage. Loaded Objects now: 2614.
Total: 2.044413 ms (FindLiveObjects: 0.228256 ms CreateObjectMapping: 0.081968 ms MarkObjects: 1.714988 ms  DeleteObjects: 0.018023 ms)

========================================================================
Received Prepare
Registering precompiled user dll's ...
Registered in 0.002738 seconds.
Begin MonoManager ReloadAssembly
Native extension for OSXStandalone target not found
Refreshing native plugins compatible for Editor in 1.08 ms, found 1 plugins.
Preloading 0 native plugins for Editor in 0.00 ms.
Invoked RoslynAnalysisRunner static constructor.
RoslynAnalysisRunner will not be running.
RoslynAnalysisRunner has terminated.
Mono: successfully reloaded assembly
- Completed reload, in  1.576 seconds
Platform modules already initialized, skipping
Refreshing native plugins compatible for Editor in 1.56 ms, found 1 plugins.
Preloading 0 native plugins for Editor in 0.00 ms.
Unloading 2084 Unused Serialized files (Serialized files now loaded: 0)
System memory in use before: 179.1 MB.
System memory in use after: 179.2 MB.

Unloading 16 unused Assets to reduce memory usage. Loaded Objects now: 2617.
Total: 4.601179 ms (FindLiveObjects: 0.249599 ms CreateObjectMapping: 0.109510 ms MarkObjects: 4.173785 ms  DeleteObjects: 0.065593 ms)

========================================================================
Received Prepare
Registering precompiled user dll's ...
Registered in 0.002030 seconds.
Begin MonoManager ReloadAssembly
Native extension for OSXStandalone target not found
Refreshing native plugins compatible for Editor in 0.40 ms, found 1 plugins.
Preloading 0 native plugins for Editor in 0.00 ms.
Invoked RoslynAnalysisRunner static constructor.
RoslynAnalysisRunner will not be running.
RoslynAnalysisRunner has terminated.
Mono: successfully reloaded assembly
- Completed reload, in  1.297 seconds
Platform modules already initialized, skipping
Refreshing native plugins compatible for Editor in 1.54 ms, found 1 plugins.
Preloading 0 native plugins for Editor in 0.00 ms.
Unloading 2084 Unused Serialized files (Serialized files now loaded: 0)
System memory in use before: 179.3 MB.
System memory in use after: 179.4 MB.

Unloading 16 unused Assets to reduce memory usage. Loaded Objects now: 2620.
Total: 4.250729 ms (FindLiveObjects: 0.404362 ms CreateObjectMapping: 0.120452 ms MarkObjects: 3.683415 ms  DeleteObjects: 0.040122 ms)

========================================================================
Received Prepare
Registering precompiled user dll's ...
Registered in 0.001863 seconds.
Begin MonoManager ReloadAssembly
Native extension for OSXStandalone target not found
Refreshing native plugins compatible for Editor in 1.34 ms, found 1 plugins.
Preloading 0 native plugins for Editor in 0.00 ms.
Invoked RoslynAnalysisRunner static constructor.
RoslynAnalysisRunner will not be running.
RoslynAnalysisRunner has terminated.
Mono: successfully reloaded assembly
- Completed reload, in  1.351 seconds
Platform modules already initialized, skipping
Refreshing native plugins compatible for Editor in 0.46 ms, found 1 plugins.
Preloading 0 native plugins for Editor in 0.00 ms.
Unloading 2084 Unused Serialized files (Serialized files now loaded: 0)
System memory in use before: 179.5 MB.
System memory in use after: 179.6 MB.

Unloading 16 unused Assets to reduce memory usage. Loaded Objects now: 2623.
Total: 2.841844 ms (FindLiveObjects: 0.318975 ms CreateObjectMapping: 0.135947 ms MarkObjects: 2.362362 ms  DeleteObjects: 0.022766 ms)

========================================================================
Received Prepare
Registering precompiled user dll's ...
Registered in 0.001866 seconds.
Begin MonoManager ReloadAssembly
Native extension for OSXStandalone target not found
Refreshing native plugins compatible for Editor in 0.73 ms, found 1 plugins.
Preloading 0 native plugins for Editor in 0.00 ms.
Invoked RoslynAnalysisRunner static constructor.
RoslynAnalysisRunner will not be running.
RoslynAnalysisRunner has terminated.
Mono: successfully reloaded assembly
- Completed reload, in  1.159 seconds
Platform modules already initialized, skipping
Refreshing native plugins compatible for Editor in 0.36 ms, found 1 plugins.
Preloading 0 native plugins for Editor in 0.00 ms.
Unloading 2084 Unused Serialized files (Serialized files now loaded: 0)
System memory in use before: 179.7 MB.
System memory in use after: 179.8 MB.

Unloading 16 unused Assets to reduce memory usage. Loaded Objects now: 2626.
Total: 2.120638 ms (FindLiveObjects: 0.224902 ms CreateObjectMapping: 0.082261 ms MarkObjects: 1.793497 ms  DeleteObjects: 0.018623 ms)

========================================================================
Received Import Request.
  Time since last request: 763.984984 seconds.
  path: Assets/Resources/Prefabs/Game.prefab
  artifactKey: Guid(8d24c2de3ce634f61adc44098d55b2c0) Importer(815301076,1909f56bfc062723c751e8b465ee728b)
Start importing Assets/Resources/Prefabs/Game.prefab using Guid(8d24c2de3ce634f61adc44098d55b2c0) Importer(815301076,1909f56bfc062723c751e8b465ee728b)  -> (artifact id: 'eb27e7e92ecac7caee5a547cf57a7484') in 0.117936 seconds
  Import took 0.122191 seconds .

========================================================================
Received Import Request.
  Time since last request: 0.000213 seconds.
  path: Assets/Resources/Prefabs/Game1.prefab
  artifactKey: Guid(a4b8da117ee0b4f6ca7730e744bd3642) Importer(815301076,1909f56bfc062723c751e8b465ee728b)
Start importing Assets/Resources/Prefabs/Game1.prefab using Guid(a4b8da117ee0b4f6ca7730e744bd3642) Importer(815301076,1909f56bfc062723c751e8b465ee728b)  -> (artifact id: '78b5d0a73b0db9a4e674e6fac731209f') in 0.003812 seconds
  Import took 0.006646 seconds .

========================================================================
Received Prepare
Registering precompiled user dll's ...
Registered in 0.005644 seconds.
Begin MonoManager ReloadAssembly
Native extension for OSXStandalone target not found
Refreshing native plugins compatible for Editor in 0.43 ms, found 1 plugins.
Preloading 0 native plugins for Editor in 0.00 ms.
Invoked RoslynAnalysisRunner static constructor.
RoslynAnalysisRunner will not be running.
RoslynAnalysisRunner has terminated.
Mono: successfully reloaded assembly
- Completed reload, in  1.480 seconds
Platform modules already initialized, skipping
Refreshing native plugins compatible for Editor in 0.36 ms, found 1 plugins.
Preloading 0 native plugins for Editor in 0.00 ms.
Unloading 2084 Unused Serialized files (Serialized files now loaded: 0)
System memory in use before: 180.0 MB.
System memory in use after: 180.2 MB.

Unloading 16 unused Assets to reduce memory usage. Loaded Objects now: 2629.
Total: 2.130352 ms (FindLiveObjects: 0.285223 ms CreateObjectMapping: 0.117329 ms MarkObjects: 1.708431 ms  DeleteObjects: 0.017792 ms)

========================================================================
Received Prepare
Registering precompiled user dll's ...
Registered in 0.004056 seconds.
Begin MonoManager ReloadAssembly
Native extension for OSXStandalone target not found
Refreshing native plugins compatible for Editor in 0.41 ms, found 1 plugins.
Preloading 0 native plugins for Editor in 0.00 ms.
Invoked RoslynAnalysisRunner static constructor.
RoslynAnalysisRunner will not be running.
RoslynAnalysisRunner has terminated.
Mono: successfully reloaded assembly
- Completed reload, in  1.028 seconds
Platform modules already initialized, skipping
Refreshing native plugins compatible for Editor in 0.46 ms, found 1 plugins.
Preloading 0 native plugins for Editor in 0.00 ms.
Unloading 2085 Unused Serialized files (Serialized files now loaded: 0)
System memory in use before: 180.3 MB.
System memory in use after: 180.4 MB.

Unloading 16 unused Assets to reduce memory usage. Loaded Objects now: 2633.
Total: 1.851203 ms (FindLiveObjects: 0.200663 ms CreateObjectMapping: 0.072486 ms MarkObjects: 1.563559 ms  DeleteObjects: 0.013382 ms)

========================================================================
Received Import Request.
  Time since last request: 394.858920 seconds.
  path: Assets/Prefabs/MVVM/ImageItem.prefab
  artifactKey: Guid(9b2f49b2761ff4740ad2e2833e3bde1e) Importer(815301076,1909f56bfc062723c751e8b465ee728b)
Start importing Assets/Prefabs/MVVM/ImageItem.prefab using Guid(9b2f49b2761ff4740ad2e2833e3bde1e) Importer(815301076,1909f56bfc062723c751e8b465ee728b)  -> (artifact id: 'e6eb93fdb56e23bd2ea90aa9f21ac8dc') in 0.033106 seconds
  Import took 0.037189 seconds .

========================================================================
Received Import Request.
  Time since last request: 10.770888 seconds.
  path: Assets/Prefabs/MVVM/ImageItem.prefab
  artifactKey: Guid(9b2f49b2761ff4740ad2e2833e3bde1e) Importer(815301076,1909f56bfc062723c751e8b465ee728b)
Start importing Assets/Prefabs/MVVM/ImageItem.prefab using Guid(9b2f49b2761ff4740ad2e2833e3bde1e) Importer(815301076,1909f56bfc062723c751e8b465ee728b)  -> (artifact id: 'c59eb60bfc123ba198c869835f270207') in 0.005172 seconds
  Import took 0.010337 seconds .

========================================================================
Received Import Request.
  Time since last request: 3.196195 seconds.
  path: Assets/Prefabs/MVVM/ImageItem.prefab
  artifactKey: Guid(9b2f49b2761ff4740ad2e2833e3bde1e) Importer(815301076,1909f56bfc062723c751e8b465ee728b)
Start importing Assets/Prefabs/MVVM/ImageItem.prefab using Guid(9b2f49b2761ff4740ad2e2833e3bde1e) Importer(815301076,1909f56bfc062723c751e8b465ee728b)  -> (artifact id: 'eae57a7f6eae74bfb275b9ae287daac0') in 0.004348 seconds
  Import took 0.009518 seconds .

========================================================================
Received Import Request.
  Time since last request: 3.244464 seconds.
  path: Assets/Prefabs/MVVM/ImageItem.prefab
  artifactKey: Guid(9b2f49b2761ff4740ad2e2833e3bde1e) Importer(815301076,1909f56bfc062723c751e8b465ee728b)
Start importing Assets/Prefabs/MVVM/ImageItem.prefab using Guid(9b2f49b2761ff4740ad2e2833e3bde1e) Importer(815301076,1909f56bfc062723c751e8b465ee728b)  -> (artifact id: 'c023520090c5809b6f16fb48060717cb') in 0.004135 seconds
  Import took 0.008806 seconds .

========================================================================
Received Prepare
Registering precompiled user dll's ...
Registered in 0.004836 seconds.
Begin MonoManager ReloadAssembly
Native extension for OSXStandalone target not found
Refreshing native plugins compatible for Editor in 0.39 ms, found 1 plugins.
Preloading 0 native plugins for Editor in 0.00 ms.
Invoked RoslynAnalysisRunner static constructor.
RoslynAnalysisRunner will not be running.
RoslynAnalysisRunner has terminated.
Mono: successfully reloaded assembly
- Completed reload, in  0.999 seconds
Platform modules already initialized, skipping
Refreshing native plugins compatible for Editor in 0.43 ms, found 1 plugins.
Preloading 0 native plugins for Editor in 0.00 ms.
Unloading 2085 Unused Serialized files (Serialized files now loaded: 0)
System memory in use before: 180.4 MB.
System memory in use after: 180.6 MB.

Unloading 16 unused Assets to reduce memory usage. Loaded Objects now: 2636.
Total: 2.010188 ms (FindLiveObjects: 0.366384 ms CreateObjectMapping: 0.088947 ms MarkObjects: 1.538617 ms  DeleteObjects: 0.014740 ms)

========================================================================
Received Prepare
Registering precompiled user dll's ...
Registered in 0.002830 seconds.
Begin MonoManager ReloadAssembly
Native extension for OSXStandalone target not found
Refreshing native plugins compatible for Editor in 0.43 ms, found 1 plugins.
Preloading 0 native plugins for Editor in 0.00 ms.
Invoked RoslynAnalysisRunner static constructor.
RoslynAnalysisRunner will not be running.
RoslynAnalysisRunner has terminated.
Mono: successfully reloaded assembly
- Completed reload, in  1.158 seconds
Platform modules already initialized, skipping
Refreshing native plugins compatible for Editor in 1.16 ms, found 1 plugins.
Preloading 0 native plugins for Editor in 0.00 ms.
Unloading 2085 Unused Serialized files (Serialized files now loaded: 0)
System memory in use before: 180.7 MB.
System memory in use after: 180.8 MB.

Unloading 16 unused Assets to reduce memory usage. Loaded Objects now: 2639.
Total: 3.790146 ms (FindLiveObjects: 0.283746 ms CreateObjectMapping: 0.101330 ms MarkObjects: 3.378439 ms  DeleteObjects: 0.024703 ms)

========================================================================
Received Prepare
Registering precompiled user dll's ...
Registered in 0.003953 seconds.
Begin MonoManager ReloadAssembly
Native extension for OSXStandalone target not found
Refreshing native plugins compatible for Editor in 0.41 ms, found 1 plugins.
Preloading 0 native plugins for Editor in 0.00 ms.
Invoked RoslynAnalysisRunner static constructor.
RoslynAnalysisRunner will not be running.
RoslynAnalysisRunner has terminated.
Mono: successfully reloaded assembly
- Completed reload, in  1.070 seconds
Platform modules already initialized, skipping
Refreshing native plugins compatible for Editor in 0.45 ms, found 1 plugins.
Preloading 0 native plugins for Editor in 0.00 ms.
Unloading 2085 Unused Serialized files (Serialized files now loaded: 0)
System memory in use before: 180.9 MB.
System memory in use after: 181.0 MB.

Unloading 16 unused Assets to reduce memory usage. Loaded Objects now: 2642.
Total: 2.207559 ms (FindLiveObjects: 0.281237 ms CreateObjectMapping: 0.075457 ms MarkObjects: 1.830706 ms  DeleteObjects: 0.018420 ms)

========================================================================
Received Import Request.
  Time since last request: 259.357178 seconds.
  path: Assets/Prefabs/MVVM
  artifactKey: Guid(617d6e78f77f64277b753d7cb2c54393) Importer(815301076,1909f56bfc062723c751e8b465ee728b)
Start importing Assets/Prefabs/MVVM using Guid(617d6e78f77f64277b753d7cb2c54393) Importer(815301076,1909f56bfc062723c751e8b465ee728b)  -> (artifact id: '5431b8b11726c7b407519fcc18c7b08c') in 0.005076 seconds
  Import took 0.009115 seconds .

========================================================================
Received Import Request.
  Time since last request: 5.598647 seconds.
  path: Assets/Scripts
  artifactKey: Guid(d46094af24f6d43999b076ebb44bfa77) Importer(815301076,1909f56bfc062723c751e8b465ee728b)
Start importing Assets/Scripts using Guid(d46094af24f6d43999b076ebb44bfa77) Importer(815301076,1909f56bfc062723c751e8b465ee728b)  -> (artifact id: '0fa0032df5d63e7f2063d192784f2f1a') in 0.001559 seconds
  Import took 0.005773 seconds .

========================================================================
Received Prepare
Registering precompiled user dll's ...
Registered in 0.001970 seconds.
Begin MonoManager ReloadAssembly
Native extension for OSXStandalone target not found
Refreshing native plugins compatible for Editor in 0.40 ms, found 1 plugins.
Preloading 0 native plugins for Editor in 0.00 ms.
Invoked RoslynAnalysisRunner static constructor.
RoslynAnalysisRunner will not be running.
RoslynAnalysisRunner has terminated.
Mono: successfully reloaded assembly
- Completed reload, in  1.016 seconds
Platform modules already initialized, skipping
Refreshing native plugins compatible for Editor in 0.43 ms, found 1 plugins.
Preloading 0 native plugins for Editor in 0.00 ms.
Unloading 2085 Unused Serialized files (Serialized files now loaded: 0)
System memory in use before: 181.1 MB.
System memory in use after: 181.2 MB.

Unloading 16 unused Assets to reduce memory usage. Loaded Objects now: 2645.
Total: 2.132081 ms (FindLiveObjects: 0.231625 ms CreateObjectMapping: 0.098983 ms MarkObjects: 1.782585 ms  DeleteObjects: 0.017697 ms)

